2019-09-02 20:29:56.065  INFO 14892 --- [restartedMain] cn.jsy.community.CommunityApplication    : Starting CommunityApplication on LAPTOP-NCFBB9CH with PID 14892 (E:\ideajava\community\target\classes started by ASUS in E:\ideajava\community)
2019-09-02 20:29:56.102  INFO 14892 --- [restartedMain] cn.jsy.community.CommunityApplication    : No active profile set, falling back to default profiles: default
2019-09-02 20:29:56.278  INFO 14892 --- [restartedMain] .e.DevToolsPropertyDefaultsPostProcessor : Devtools property defaults active! Set 'spring.devtools.add-properties' to 'false' to disable
2019-09-02 20:29:56.278  INFO 14892 --- [restartedMain] .e.DevToolsPropertyDefaultsPostProcessor : For additional web related logging consider setting the 'logging.level.web' property to 'DEBUG'
2019-09-02 20:29:56.365  WARN 14892 --- [background-preinit] o.s.h.c.j.Jackson2ObjectMapperBuilder    : For Jackson Kotlin classes support please add "com.fasterxml.jackson.module:jackson-module-kotlin" to the classpath
2019-09-02 20:29:58.892  INFO 14892 --- [restartedMain] o.s.b.w.embedded.tomcat.TomcatWebServer  : Tomcat initialized with port(s): 8080 (http)
2019-09-02 20:29:58.915  INFO 14892 --- [restartedMain] o.apache.catalina.core.StandardService   : Starting service [Tomcat]
2019-09-02 20:29:58.915  INFO 14892 --- [restartedMain] org.apache.catalina.core.StandardEngine  : Starting Servlet Engine: Apache Tomcat/8.5.31
2019-09-02 20:29:59.048  INFO 14892 --- [localhost-startStop-1] o.a.c.c.C.[Tomcat].[localhost].[/]       : Initializing Spring embedded WebApplicationContext
2019-09-02 20:29:59.048  INFO 14892 --- [localhost-startStop-1] o.s.web.context.ContextLoader            : Root WebApplicationContext: initialization completed in 2769 ms
2019-09-02 20:29:59.531  INFO 14892 --- [restartedMain] o.s.s.concurrent.ThreadPoolTaskExecutor  : Initializing ExecutorService 'applicationTaskExecutor'
2019-09-02 20:29:59.585  INFO 14892 --- [restartedMain] o.s.b.a.w.s.WelcomePageHandlerMapping    : Adding welcome page template: index
2019-09-02 20:30:01.001  INFO 14892 --- [restartedMain] o.s.b.d.a.OptionalLiveReloadServer       : LiveReload server is running on port 35729
2019-09-02 20:30:01.049  INFO 14892 --- [restartedMain] o.s.b.w.embedded.tomcat.TomcatWebServer  : Tomcat started on port(s): 8080 (http) with context path ''
2019-09-02 20:30:01.052  INFO 14892 --- [restartedMain] cn.jsy.community.CommunityApplication    : Started CommunityApplication in 5.574 seconds (JVM running for 8.431)
2019-09-02 20:30:17.668  INFO 14892 --- [http-nio-8080-exec-1] o.a.c.c.C.[Tomcat].[localhost].[/]       : Initializing Spring DispatcherServlet 'dispatcherServlet'
2019-09-02 20:30:17.668  INFO 14892 --- [http-nio-8080-exec-1] o.s.web.servlet.DispatcherServlet        : Initializing Servlet 'dispatcherServlet'
2019-09-02 20:30:17.680  INFO 14892 --- [http-nio-8080-exec-1] o.s.web.servlet.DispatcherServlet        : Completed initialization in 12 ms
2019-09-02 20:30:17.787  INFO 14892 --- [http-nio-8080-exec-1] com.zaxxer.hikari.HikariDataSource       : HikariPool-1 - Starting...
2019-09-02 20:30:18.410  INFO 14892 --- [http-nio-8080-exec-1] com.zaxxer.hikari.HikariDataSource       : HikariPool-1 - Start completed.
2019-09-02 20:30:18.528 DEBUG 14892 --- [http-nio-8080-exec-1] c.j.c.dao.QuestionDao.findAll_COUNT      : ==>  Preparing: SELECT count(0) FROM question WHERE title LIKE ? 
2019-09-02 20:30:18.555 DEBUG 14892 --- [http-nio-8080-exec-1] c.j.c.dao.QuestionDao.findAll_COUNT      : ==> Parameters: %%(String)
2019-09-02 20:30:18.578 DEBUG 14892 --- [http-nio-8080-exec-1] c.j.c.dao.QuestionDao.findAll_COUNT      : <==      Total: 1
2019-09-02 20:30:18.584 DEBUG 14892 --- [http-nio-8080-exec-1] c.jsy.community.dao.QuestionDao.findAll  : ==>  Preparing: select * from question where title like ? LIMIT ? 
2019-09-02 20:30:18.585 DEBUG 14892 --- [http-nio-8080-exec-1] c.jsy.community.dao.QuestionDao.findAll  : ==> Parameters: %%(String), 10(Integer)
2019-09-02 20:30:18.590 DEBUG 14892 --- [http-nio-8080-exec-1] cn.jsy.community.dao.UserDao.findById    : ====>  Preparing: select * from user where id=? 
2019-09-02 20:30:18.591 DEBUG 14892 --- [http-nio-8080-exec-1] cn.jsy.community.dao.UserDao.findById    : ====> Parameters: 225(Integer)
2019-09-02 20:30:18.594 DEBUG 14892 --- [http-nio-8080-exec-1] cn.jsy.community.dao.UserDao.findById    : <====      Total: 1
2019-09-02 20:30:18.600 DEBUG 14892 --- [http-nio-8080-exec-1] c.jsy.community.dao.QuestionDao.findAll  : <==      Total: 10
2019-09-02 20:30:27.887 DEBUG 14892 --- [http-nio-8080-exec-8] c.j.c.dao.QuestionDao.findAll_COUNT      : ==>  Preparing: SELECT count(0) FROM question WHERE title LIKE ? 
2019-09-02 20:30:27.888 DEBUG 14892 --- [http-nio-8080-exec-8] c.j.c.dao.QuestionDao.findAll_COUNT      : ==> Parameters: %%(String)
2019-09-02 20:30:27.891 DEBUG 14892 --- [http-nio-8080-exec-8] c.j.c.dao.QuestionDao.findAll_COUNT      : <==      Total: 1
2019-09-02 20:30:27.892 DEBUG 14892 --- [http-nio-8080-exec-8] c.jsy.community.dao.QuestionDao.findAll  : ==>  Preparing: select * from question where title like ? LIMIT ? OFFSET ? 
2019-09-02 20:30:27.893 DEBUG 14892 --- [http-nio-8080-exec-8] c.jsy.community.dao.QuestionDao.findAll  : ==> Parameters: %%(String), 10(Integer), 10(Integer)
2019-09-02 20:30:27.896 DEBUG 14892 --- [http-nio-8080-exec-8] cn.jsy.community.dao.UserDao.findById    : ====>  Preparing: select * from user where id=? 
2019-09-02 20:30:27.897 DEBUG 14892 --- [http-nio-8080-exec-8] cn.jsy.community.dao.UserDao.findById    : ====> Parameters: 225(Integer)
2019-09-02 20:30:27.898 DEBUG 14892 --- [http-nio-8080-exec-8] cn.jsy.community.dao.UserDao.findById    : <====      Total: 1
2019-09-02 20:30:27.905 DEBUG 14892 --- [http-nio-8080-exec-8] c.jsy.community.dao.QuestionDao.findAll  : <==      Total: 10
2019-09-02 20:30:30.386 DEBUG 14892 --- [http-nio-8080-exec-4] c.j.c.dao.QuestionDao.updateViewCount    : ==>  Preparing: update question set view_count = view_count+1 where id =? 
2019-09-02 20:30:30.389 DEBUG 14892 --- [http-nio-8080-exec-4] c.j.c.dao.QuestionDao.updateViewCount    : ==> Parameters: 548(Integer)
2019-09-02 20:30:30.400 DEBUG 14892 --- [http-nio-8080-exec-4] c.j.c.dao.QuestionDao.updateViewCount    : <==    Updates: 1
2019-09-02 20:30:30.402 DEBUG 14892 --- [http-nio-8080-exec-4] c.j.community.dao.QuestionDao.findById   : ==>  Preparing: select * from question where id=? 
2019-09-02 20:30:30.403 DEBUG 14892 --- [http-nio-8080-exec-4] c.j.community.dao.QuestionDao.findById   : ==> Parameters: 548(Integer)
2019-09-02 20:30:30.404 DEBUG 14892 --- [http-nio-8080-exec-4] cn.jsy.community.dao.UserDao.findById    : ====>  Preparing: select * from user where id=? 
2019-09-02 20:30:30.404 DEBUG 14892 --- [http-nio-8080-exec-4] cn.jsy.community.dao.UserDao.findById    : ====> Parameters: 225(Integer)
2019-09-02 20:30:30.405 DEBUG 14892 --- [http-nio-8080-exec-4] cn.jsy.community.dao.UserDao.findById    : <====      Total: 1
2019-09-02 20:30:30.406 DEBUG 14892 --- [http-nio-8080-exec-4] c.j.c.dao.TagDao.findByQuestionRandomId  : ====>  Preparing: select * from tag where id in (select tag_id from question_tag where question_random_id =?) 
2019-09-02 20:30:30.408 DEBUG 14892 --- [http-nio-8080-exec-4] c.j.c.dao.TagDao.findByQuestionRandomId  : ====> Parameters: 8f190742-6695-4b62-9137-377d0540083b(String)
2019-09-02 20:30:30.411 DEBUG 14892 --- [http-nio-8080-exec-4] c.j.c.dao.TagDao.findByQuestionRandomId  : <====      Total: 4
2019-09-02 20:30:30.411 DEBUG 14892 --- [http-nio-8080-exec-4] c.j.community.dao.QuestionDao.findById   : <==      Total: 1
2019-09-02 20:30:30.419 DEBUG 14892 --- [http-nio-8080-exec-4] cn.jsy.community.dao.CommentDao.findAll  : ==>  Preparing: select * from comment where question_id = ? order by gmt_create desc 
2019-09-02 20:30:30.421 DEBUG 14892 --- [http-nio-8080-exec-4] cn.jsy.community.dao.CommentDao.findAll  : ==> Parameters: 548(Integer)
2019-09-02 20:30:30.421 DEBUG 14892 --- [http-nio-8080-exec-4] cn.jsy.community.dao.CommentDao.findAll  : <==      Total: 0
2019-09-02 20:30:45.186 DEBUG 14892 --- [http-nio-8080-exec-7] c.j.c.dao.UserDao.findByAccountId        : ==>  Preparing: select * from user where accountId =? 
2019-09-02 20:30:45.202 DEBUG 14892 --- [http-nio-8080-exec-7] c.j.c.dao.UserDao.findByAccountId        : ==> Parameters: 49560678(String)
2019-09-02 20:30:45.203 DEBUG 14892 --- [http-nio-8080-exec-7] c.j.c.dao.UserDao.findByAccountId        : <==      Total: 1
2019-09-02 20:30:45.234 DEBUG 14892 --- [http-nio-8080-exec-3] c.jsy.community.dao.UserDao.findByToken  : ==>  Preparing: select * from user where token=? 
2019-09-02 20:30:45.235 DEBUG 14892 --- [http-nio-8080-exec-3] c.jsy.community.dao.UserDao.findByToken  : ==> Parameters: c9787399-5079-4719-b08b-d1efd93b5b4e(String)
2019-09-02 20:30:45.236 DEBUG 14892 --- [http-nio-8080-exec-3] c.jsy.community.dao.UserDao.findByToken  : <==      Total: 1
2019-09-02 20:30:45.237 DEBUG 14892 --- [http-nio-8080-exec-3] c.j.c.dao.QuestionDao.findAll_COUNT      : ==>  Preparing: SELECT count(0) FROM question WHERE title LIKE ? 
2019-09-02 20:30:45.238 DEBUG 14892 --- [http-nio-8080-exec-3] c.j.c.dao.QuestionDao.findAll_COUNT      : ==> Parameters: %%(String)
2019-09-02 20:30:45.239 DEBUG 14892 --- [http-nio-8080-exec-3] c.j.c.dao.QuestionDao.findAll_COUNT      : <==      Total: 1
2019-09-02 20:30:45.240 DEBUG 14892 --- [http-nio-8080-exec-3] c.jsy.community.dao.QuestionDao.findAll  : ==>  Preparing: select * from question where title like ? LIMIT ? 
2019-09-02 20:30:45.241 DEBUG 14892 --- [http-nio-8080-exec-3] c.jsy.community.dao.QuestionDao.findAll  : ==> Parameters: %%(String), 10(Integer)
2019-09-02 20:30:45.242 DEBUG 14892 --- [http-nio-8080-exec-3] cn.jsy.community.dao.UserDao.findById    : ====>  Preparing: select * from user where id=? 
2019-09-02 20:30:45.243 DEBUG 14892 --- [http-nio-8080-exec-3] cn.jsy.community.dao.UserDao.findById    : ====> Parameters: 225(Integer)
2019-09-02 20:30:45.244 DEBUG 14892 --- [http-nio-8080-exec-3] cn.jsy.community.dao.UserDao.findById    : <====      Total: 1
2019-09-02 20:30:45.246 DEBUG 14892 --- [http-nio-8080-exec-3] c.jsy.community.dao.QuestionDao.findAll  : <==      Total: 10
2019-09-02 20:30:45.277 DEBUG 14892 --- [http-nio-8080-exec-2] c.jsy.community.dao.UserDao.findByToken  : ==>  Preparing: select * from user where token=? 
2019-09-02 20:30:45.277 DEBUG 14892 --- [http-nio-8080-exec-2] c.jsy.community.dao.UserDao.findByToken  : ==> Parameters: c9787399-5079-4719-b08b-d1efd93b5b4e(String)
2019-09-02 20:30:45.280 DEBUG 14892 --- [http-nio-8080-exec-2] c.jsy.community.dao.UserDao.findByToken  : <==      Total: 1
2019-09-02 20:30:45.284 DEBUG 14892 --- [http-nio-8080-exec-6] c.jsy.community.dao.UserDao.findByToken  : ==>  Preparing: select * from user where token=? 
2019-09-02 20:30:45.285 DEBUG 14892 --- [http-nio-8080-exec-6] c.jsy.community.dao.UserDao.findByToken  : ==> Parameters: c9787399-5079-4719-b08b-d1efd93b5b4e(String)
2019-09-02 20:30:45.286 DEBUG 14892 --- [http-nio-8080-exec-6] c.jsy.community.dao.UserDao.findByToken  : <==      Total: 1
2019-09-02 20:30:45.290 DEBUG 14892 --- [http-nio-8080-exec-5] c.jsy.community.dao.UserDao.findByToken  : ==>  Preparing: select * from user where token=? 
2019-09-02 20:30:45.291 DEBUG 14892 --- [http-nio-8080-exec-2] c.jsy.community.dao.UserDao.findByToken  : ==>  Preparing: select * from user where token=? 
2019-09-02 20:30:45.292 DEBUG 14892 --- [http-nio-8080-exec-2] c.jsy.community.dao.UserDao.findByToken  : ==> Parameters: c9787399-5079-4719-b08b-d1efd93b5b4e(String)
2019-09-02 20:30:45.293 DEBUG 14892 --- [http-nio-8080-exec-2] c.jsy.community.dao.UserDao.findByToken  : <==      Total: 1
2019-09-02 20:30:45.293 DEBUG 14892 --- [http-nio-8080-exec-5] c.jsy.community.dao.UserDao.findByToken  : ==> Parameters: c9787399-5079-4719-b08b-d1efd93b5b4e(String)
2019-09-02 20:30:45.294 DEBUG 14892 --- [http-nio-8080-exec-4] c.jsy.community.dao.UserDao.findByToken  : ==>  Preparing: select * from user where token=? 
2019-09-02 20:30:45.294 DEBUG 14892 --- [http-nio-8080-exec-5] c.jsy.community.dao.UserDao.findByToken  : <==      Total: 1
2019-09-02 20:30:45.294 DEBUG 14892 --- [http-nio-8080-exec-4] c.jsy.community.dao.UserDao.findByToken  : ==> Parameters: c9787399-5079-4719-b08b-d1efd93b5b4e(String)
2019-09-02 20:30:45.295 DEBUG 14892 --- [http-nio-8080-exec-9] c.jsy.community.dao.UserDao.findByToken  : ==>  Preparing: select * from user where token=? 
2019-09-02 20:30:45.295 DEBUG 14892 --- [http-nio-8080-exec-9] c.jsy.community.dao.UserDao.findByToken  : ==> Parameters: c9787399-5079-4719-b08b-d1efd93b5b4e(String)
2019-09-02 20:30:45.295 DEBUG 14892 --- [http-nio-8080-exec-4] c.jsy.community.dao.UserDao.findByToken  : <==      Total: 1
2019-09-02 20:30:45.296 DEBUG 14892 --- [http-nio-8080-exec-9] c.jsy.community.dao.UserDao.findByToken  : <==      Total: 1
2019-09-02 20:30:45.300 DEBUG 14892 --- [http-nio-8080-exec-1] c.jsy.community.dao.UserDao.findByToken  : ==>  Preparing: select * from user where token=? 
2019-09-02 20:30:45.301 DEBUG 14892 --- [http-nio-8080-exec-1] c.jsy.community.dao.UserDao.findByToken  : ==> Parameters: c9787399-5079-4719-b08b-d1efd93b5b4e(String)
2019-09-02 20:30:45.302 DEBUG 14892 --- [http-nio-8080-exec-2] c.jsy.community.dao.UserDao.findByToken  : ==>  Preparing: select * from user where token=? 
2019-09-02 20:30:45.302 DEBUG 14892 --- [http-nio-8080-exec-1] c.jsy.community.dao.UserDao.findByToken  : <==      Total: 1
2019-09-02 20:30:45.302 DEBUG 14892 --- [http-nio-8080-exec-2] c.jsy.community.dao.UserDao.findByToken  : ==> Parameters: c9787399-5079-4719-b08b-d1efd93b5b4e(String)
2019-09-02 20:30:45.303 DEBUG 14892 --- [http-nio-8080-exec-4] c.jsy.community.dao.UserDao.findByToken  : ==>  Preparing: select * from user where token=? 
2019-09-02 20:30:45.303 DEBUG 14892 --- [http-nio-8080-exec-4] c.jsy.community.dao.UserDao.findByToken  : ==> Parameters: c9787399-5079-4719-b08b-d1efd93b5b4e(String)
2019-09-02 20:30:45.303 DEBUG 14892 --- [http-nio-8080-exec-2] c.jsy.community.dao.UserDao.findByToken  : <==      Total: 1
2019-09-02 20:30:45.303 DEBUG 14892 --- [http-nio-8080-exec-4] c.jsy.community.dao.UserDao.findByToken  : <==      Total: 1
2019-09-02 20:30:45.305 DEBUG 14892 --- [http-nio-8080-exec-7] c.jsy.community.dao.UserDao.findByToken  : ==>  Preparing: select * from user where token=? 
2019-09-02 20:30:45.305 DEBUG 14892 --- [http-nio-8080-exec-7] c.jsy.community.dao.UserDao.findByToken  : ==> Parameters: c9787399-5079-4719-b08b-d1efd93b5b4e(String)
2019-09-02 20:30:45.308 DEBUG 14892 --- [http-nio-8080-exec-3] c.jsy.community.dao.UserDao.findByToken  : ==>  Preparing: select * from user where token=? 
2019-09-02 20:30:45.309 DEBUG 14892 --- [http-nio-8080-exec-3] c.jsy.community.dao.UserDao.findByToken  : ==> Parameters: c9787399-5079-4719-b08b-d1efd93b5b4e(String)
2019-09-02 20:30:45.309 DEBUG 14892 --- [http-nio-8080-exec-7] c.jsy.community.dao.UserDao.findByToken  : <==      Total: 1
2019-09-02 20:30:45.309 DEBUG 14892 --- [http-nio-8080-exec-3] c.jsy.community.dao.UserDao.findByToken  : <==      Total: 1
2019-09-02 20:30:45.310 DEBUG 14892 --- [http-nio-8080-exec-8] c.jsy.community.dao.UserDao.findByToken  : ==>  Preparing: select * from user where token=? 
2019-09-02 20:30:45.311 DEBUG 14892 --- [http-nio-8080-exec-8] c.jsy.community.dao.UserDao.findByToken  : ==> Parameters: c9787399-5079-4719-b08b-d1efd93b5b4e(String)
2019-09-02 20:30:45.312 DEBUG 14892 --- [http-nio-8080-exec-8] c.jsy.community.dao.UserDao.findByToken  : <==      Total: 1
2019-09-02 20:30:45.577 DEBUG 14892 --- [http-nio-8080-exec-6] c.jsy.community.dao.UserDao.findByToken  : ==>  Preparing: select * from user where token=? 
2019-09-02 20:30:45.577 DEBUG 14892 --- [http-nio-8080-exec-6] c.jsy.community.dao.UserDao.findByToken  : ==> Parameters: c9787399-5079-4719-b08b-d1efd93b5b4e(String)
2019-09-02 20:30:45.578 DEBUG 14892 --- [http-nio-8080-exec-6] c.jsy.community.dao.UserDao.findByToken  : <==      Total: 1
2019-09-02 20:31:03.555 DEBUG 14892 --- [http-nio-8080-exec-10] c.jsy.community.dao.UserDao.findByToken  : ==>  Preparing: select * from user where token=? 
2019-09-02 20:31:03.556 DEBUG 14892 --- [http-nio-8080-exec-10] c.jsy.community.dao.UserDao.findByToken  : ==> Parameters: c9787399-5079-4719-b08b-d1efd93b5b4e(String)
2019-09-02 20:31:03.556 DEBUG 14892 --- [http-nio-8080-exec-10] c.jsy.community.dao.UserDao.findByToken  : <==      Total: 1
2019-09-02 20:31:03.618 DEBUG 14892 --- [http-nio-8080-exec-9] c.jsy.community.dao.UserDao.findByToken  : ==>  Preparing: select * from user where token=? 
2019-09-02 20:31:03.619 DEBUG 14892 --- [http-nio-8080-exec-9] c.jsy.community.dao.UserDao.findByToken  : ==> Parameters: c9787399-5079-4719-b08b-d1efd93b5b4e(String)
2019-09-02 20:31:03.619 DEBUG 14892 --- [http-nio-8080-exec-9] c.jsy.community.dao.UserDao.findByToken  : <==      Total: 1
2019-09-02 20:31:03.623 DEBUG 14892 --- [http-nio-8080-exec-5] c.jsy.community.dao.UserDao.findByToken  : ==>  Preparing: select * from user where token=? 
2019-09-02 20:31:03.624 DEBUG 14892 --- [http-nio-8080-exec-5] c.jsy.community.dao.UserDao.findByToken  : ==> Parameters: c9787399-5079-4719-b08b-d1efd93b5b4e(String)
2019-09-02 20:31:03.625 DEBUG 14892 --- [http-nio-8080-exec-5] c.jsy.community.dao.UserDao.findByToken  : <==      Total: 1
2019-09-02 20:31:03.636 DEBUG 14892 --- [http-nio-8080-exec-2] c.jsy.community.dao.UserDao.findByToken  : ==>  Preparing: select * from user where token=? 
2019-09-02 20:31:03.637 DEBUG 14892 --- [http-nio-8080-exec-2] c.jsy.community.dao.UserDao.findByToken  : ==> Parameters: c9787399-5079-4719-b08b-d1efd93b5b4e(String)
2019-09-02 20:31:03.637 DEBUG 14892 --- [http-nio-8080-exec-9] c.jsy.community.dao.UserDao.findByToken  : ==>  Preparing: select * from user where token=? 
2019-09-02 20:31:03.637 DEBUG 14892 --- [http-nio-8080-exec-9] c.jsy.community.dao.UserDao.findByToken  : ==> Parameters: c9787399-5079-4719-b08b-d1efd93b5b4e(String)
2019-09-02 20:31:03.638 DEBUG 14892 --- [http-nio-8080-exec-2] c.jsy.community.dao.UserDao.findByToken  : <==      Total: 1
2019-09-02 20:31:03.638 DEBUG 14892 --- [http-nio-8080-exec-9] c.jsy.community.dao.UserDao.findByToken  : <==      Total: 1
2019-09-02 20:31:03.639 DEBUG 14892 --- [http-nio-8080-exec-4] c.jsy.community.dao.UserDao.findByToken  : ==>  Preparing: select * from user where token=? 
2019-09-02 20:31:03.640 DEBUG 14892 --- [http-nio-8080-exec-4] c.jsy.community.dao.UserDao.findByToken  : ==> Parameters: c9787399-5079-4719-b08b-d1efd93b5b4e(String)
2019-09-02 20:31:03.641 DEBUG 14892 --- [http-nio-8080-exec-4] c.jsy.community.dao.UserDao.findByToken  : <==      Total: 1
2019-09-02 20:31:03.642 DEBUG 14892 --- [http-nio-8080-exec-1] c.jsy.community.dao.UserDao.findByToken  : ==>  Preparing: select * from user where token=? 
2019-09-02 20:31:03.642 DEBUG 14892 --- [http-nio-8080-exec-1] c.jsy.community.dao.UserDao.findByToken  : ==> Parameters: c9787399-5079-4719-b08b-d1efd93b5b4e(String)
2019-09-02 20:31:03.642 DEBUG 14892 --- [http-nio-8080-exec-7] c.jsy.community.dao.UserDao.findByToken  : ==>  Preparing: select * from user where token=? 
2019-09-02 20:31:03.642 DEBUG 14892 --- [http-nio-8080-exec-8] c.jsy.community.dao.UserDao.findByToken  : ==>  Preparing: select * from user where token=? 
2019-09-02 20:31:03.643 DEBUG 14892 --- [http-nio-8080-exec-7] c.jsy.community.dao.UserDao.findByToken  : ==> Parameters: c9787399-5079-4719-b08b-d1efd93b5b4e(String)
2019-09-02 20:31:03.643 DEBUG 14892 --- [http-nio-8080-exec-8] c.jsy.community.dao.UserDao.findByToken  : ==> Parameters: c9787399-5079-4719-b08b-d1efd93b5b4e(String)
2019-09-02 20:31:03.643 DEBUG 14892 --- [http-nio-8080-exec-1] c.jsy.community.dao.UserDao.findByToken  : <==      Total: 1
2019-09-02 20:31:03.643 DEBUG 14892 --- [http-nio-8080-exec-7] c.jsy.community.dao.UserDao.findByToken  : <==      Total: 1
2019-09-02 20:31:03.646 DEBUG 14892 --- [http-nio-8080-exec-8] c.jsy.community.dao.UserDao.findByToken  : <==      Total: 1
2019-09-02 20:31:03.652 DEBUG 14892 --- [http-nio-8080-exec-1] c.jsy.community.dao.UserDao.findByToken  : ==>  Preparing: select * from user where token=? 
2019-09-02 20:31:03.652 DEBUG 14892 --- [http-nio-8080-exec-1] c.jsy.community.dao.UserDao.findByToken  : ==> Parameters: c9787399-5079-4719-b08b-d1efd93b5b4e(String)
2019-09-02 20:31:03.653 DEBUG 14892 --- [http-nio-8080-exec-1] c.jsy.community.dao.UserDao.findByToken  : <==      Total: 1
2019-09-02 20:31:03.668 DEBUG 14892 --- [http-nio-8080-exec-3] c.jsy.community.dao.UserDao.findByToken  : ==>  Preparing: select * from user where token=? 
2019-09-02 20:31:03.668 DEBUG 14892 --- [http-nio-8080-exec-10] c.jsy.community.dao.UserDao.findByToken  : ==>  Preparing: select * from user where token=? 
2019-09-02 20:31:03.669 DEBUG 14892 --- [http-nio-8080-exec-5] c.jsy.community.dao.UserDao.findByToken  : ==>  Preparing: select * from user where token=? 
2019-09-02 20:31:03.669 DEBUG 14892 --- [http-nio-8080-exec-10] c.jsy.community.dao.UserDao.findByToken  : ==> Parameters: c9787399-5079-4719-b08b-d1efd93b5b4e(String)
2019-09-02 20:31:03.669 DEBUG 14892 --- [http-nio-8080-exec-3] c.jsy.community.dao.UserDao.findByToken  : ==> Parameters: c9787399-5079-4719-b08b-d1efd93b5b4e(String)
2019-09-02 20:31:03.669 DEBUG 14892 --- [http-nio-8080-exec-5] c.jsy.community.dao.UserDao.findByToken  : ==> Parameters: c9787399-5079-4719-b08b-d1efd93b5b4e(String)
2019-09-02 20:31:03.669 DEBUG 14892 --- [http-nio-8080-exec-5] c.jsy.community.dao.UserDao.findByToken  : <==      Total: 1
2019-09-02 20:31:03.669 DEBUG 14892 --- [http-nio-8080-exec-10] c.jsy.community.dao.UserDao.findByToken  : <==      Total: 1
2019-09-02 20:31:03.669 DEBUG 14892 --- [http-nio-8080-exec-3] c.jsy.community.dao.UserDao.findByToken  : <==      Total: 1
2019-09-02 20:31:03.893 DEBUG 14892 --- [http-nio-8080-exec-2] c.jsy.community.dao.UserDao.findByToken  : ==>  Preparing: select * from user where token=? 
2019-09-02 20:31:03.893 DEBUG 14892 --- [http-nio-8080-exec-2] c.jsy.community.dao.UserDao.findByToken  : ==> Parameters: c9787399-5079-4719-b08b-d1efd93b5b4e(String)
2019-09-02 20:31:03.893 DEBUG 14892 --- [http-nio-8080-exec-2] c.jsy.community.dao.UserDao.findByToken  : <==      Total: 1
2019-09-02 20:31:03.899 DEBUG 14892 --- [http-nio-8080-exec-9] c.jsy.community.dao.UserDao.findByToken  : ==>  Preparing: select * from user where token=? 
2019-09-02 20:31:03.900 DEBUG 14892 --- [http-nio-8080-exec-9] c.jsy.community.dao.UserDao.findByToken  : ==> Parameters: c9787399-5079-4719-b08b-d1efd93b5b4e(String)
2019-09-02 20:31:03.901 DEBUG 14892 --- [http-nio-8080-exec-9] c.jsy.community.dao.UserDao.findByToken  : <==      Total: 1
2019-09-02 20:31:03.970 DEBUG 14892 --- [http-nio-8080-exec-6] c.jsy.community.dao.UserDao.findByToken  : ==>  Preparing: select * from user where token=? 
2019-09-02 20:31:03.971 DEBUG 14892 --- [http-nio-8080-exec-6] c.jsy.community.dao.UserDao.findByToken  : ==> Parameters: c9787399-5079-4719-b08b-d1efd93b5b4e(String)
2019-09-02 20:31:03.971 DEBUG 14892 --- [http-nio-8080-exec-4] c.jsy.community.dao.UserDao.findByToken  : ==>  Preparing: select * from user where token=? 
2019-09-02 20:31:03.971 DEBUG 14892 --- [http-nio-8080-exec-4] c.jsy.community.dao.UserDao.findByToken  : ==> Parameters: c9787399-5079-4719-b08b-d1efd93b5b4e(String)
2019-09-02 20:31:03.971 DEBUG 14892 --- [http-nio-8080-exec-6] c.jsy.community.dao.UserDao.findByToken  : <==      Total: 1
2019-09-02 20:31:03.971 DEBUG 14892 --- [http-nio-8080-exec-4] c.jsy.community.dao.UserDao.findByToken  : <==      Total: 1
2019-09-02 20:31:03.973 DEBUG 14892 --- [http-nio-8080-exec-8] c.jsy.community.dao.UserDao.findByToken  : ==>  Preparing: select * from user where token=? 
2019-09-02 20:31:03.973 DEBUG 14892 --- [http-nio-8080-exec-8] c.jsy.community.dao.UserDao.findByToken  : ==> Parameters: c9787399-5079-4719-b08b-d1efd93b5b4e(String)
2019-09-02 20:31:03.974 DEBUG 14892 --- [http-nio-8080-exec-7] c.jsy.community.dao.UserDao.findByToken  : ==>  Preparing: select * from user where token=? 
2019-09-02 20:31:03.974 DEBUG 14892 --- [http-nio-8080-exec-8] c.jsy.community.dao.UserDao.findByToken  : <==      Total: 1
2019-09-02 20:31:03.974 DEBUG 14892 --- [http-nio-8080-exec-7] c.jsy.community.dao.UserDao.findByToken  : ==> Parameters: c9787399-5079-4719-b08b-d1efd93b5b4e(String)
2019-09-02 20:31:03.975 DEBUG 14892 --- [http-nio-8080-exec-7] c.jsy.community.dao.UserDao.findByToken  : <==      Total: 1
2019-09-02 20:31:03.979 DEBUG 14892 --- [http-nio-8080-exec-1] c.jsy.community.dao.UserDao.findByToken  : ==>  Preparing: select * from user where token=? 
2019-09-02 20:31:03.980 DEBUG 14892 --- [http-nio-8080-exec-1] c.jsy.community.dao.UserDao.findByToken  : ==> Parameters: c9787399-5079-4719-b08b-d1efd93b5b4e(String)
2019-09-02 20:31:03.980 DEBUG 14892 --- [http-nio-8080-exec-1] c.jsy.community.dao.UserDao.findByToken  : <==      Total: 1
2019-09-02 20:31:04.052 DEBUG 14892 --- [http-nio-8080-exec-3] c.jsy.community.dao.UserDao.findByToken  : ==>  Preparing: select * from user where token=? 
2019-09-02 20:31:04.052 DEBUG 14892 --- [http-nio-8080-exec-3] c.jsy.community.dao.UserDao.findByToken  : ==> Parameters: c9787399-5079-4719-b08b-d1efd93b5b4e(String)
2019-09-02 20:31:04.052 DEBUG 14892 --- [http-nio-8080-exec-3] c.jsy.community.dao.UserDao.findByToken  : <==      Total: 1
2019-09-02 20:31:04.098 DEBUG 14892 --- [http-nio-8080-exec-10] c.jsy.community.dao.UserDao.findByToken  : ==>  Preparing: select * from user where token=? 
2019-09-02 20:31:04.099 DEBUG 14892 --- [http-nio-8080-exec-10] c.jsy.community.dao.UserDao.findByToken  : ==> Parameters: c9787399-5079-4719-b08b-d1efd93b5b4e(String)
2019-09-02 20:31:04.099 DEBUG 14892 --- [http-nio-8080-exec-10] c.jsy.community.dao.UserDao.findByToken  : <==      Total: 1
2019-09-02 20:31:04.243 DEBUG 14892 --- [http-nio-8080-exec-5] c.jsy.community.dao.UserDao.findByToken  : ==>  Preparing: select * from user where token=? 
2019-09-02 20:31:04.243 DEBUG 14892 --- [http-nio-8080-exec-5] c.jsy.community.dao.UserDao.findByToken  : ==> Parameters: c9787399-5079-4719-b08b-d1efd93b5b4e(String)
2019-09-02 20:31:04.244 DEBUG 14892 --- [http-nio-8080-exec-5] c.jsy.community.dao.UserDao.findByToken  : <==      Total: 1
2019-09-02 20:31:04.251 DEBUG 14892 --- [http-nio-8080-exec-2] c.jsy.community.dao.UserDao.findByToken  : ==>  Preparing: select * from user where token=? 
2019-09-02 20:31:04.251 DEBUG 14892 --- [http-nio-8080-exec-2] c.jsy.community.dao.UserDao.findByToken  : ==> Parameters: c9787399-5079-4719-b08b-d1efd93b5b4e(String)
2019-09-02 20:31:04.251 DEBUG 14892 --- [http-nio-8080-exec-2] c.jsy.community.dao.UserDao.findByToken  : <==      Total: 1
2019-09-02 20:31:04.277 DEBUG 14892 --- [http-nio-8080-exec-9] c.jsy.community.dao.UserDao.findByToken  : ==>  Preparing: select * from user where token=? 
2019-09-02 20:31:04.278 DEBUG 14892 --- [http-nio-8080-exec-9] c.jsy.community.dao.UserDao.findByToken  : ==> Parameters: c9787399-5079-4719-b08b-d1efd93b5b4e(String)
2019-09-02 20:31:04.278 DEBUG 14892 --- [http-nio-8080-exec-9] c.jsy.community.dao.UserDao.findByToken  : <==      Total: 1
2019-09-02 20:41:53.776  INFO 16528 --- [restartedMain] cn.jsy.community.CommunityApplication    : Starting CommunityApplication on LAPTOP-NCFBB9CH with PID 16528 (E:\ideajava\community\target\classes started by ASUS in E:\ideajava\community)
2019-09-02 20:41:53.779  INFO 16528 --- [restartedMain] cn.jsy.community.CommunityApplication    : No active profile set, falling back to default profiles: default
2019-09-02 20:41:53.881  INFO 16528 --- [restartedMain] .e.DevToolsPropertyDefaultsPostProcessor : Devtools property defaults active! Set 'spring.devtools.add-properties' to 'false' to disable
2019-09-02 20:41:53.882  INFO 16528 --- [restartedMain] .e.DevToolsPropertyDefaultsPostProcessor : For additional web related logging consider setting the 'logging.level.web' property to 'DEBUG'
2019-09-02 20:41:53.957  WARN 16528 --- [background-preinit] o.s.h.c.j.Jackson2ObjectMapperBuilder    : For Jackson Kotlin classes support please add "com.fasterxml.jackson.module:jackson-module-kotlin" to the classpath
2019-09-02 20:41:56.143  INFO 16528 --- [restartedMain] o.s.b.w.embedded.tomcat.TomcatWebServer  : Tomcat initialized with port(s): 8080 (http)
2019-09-02 20:41:56.176  INFO 16528 --- [restartedMain] o.apache.catalina.core.StandardService   : Starting service [Tomcat]
2019-09-02 20:41:56.296  INFO 16528 --- [restartedMain] org.apache.catalina.core.StandardEngine  : Starting Servlet Engine: Apache Tomcat/8.5.31
2019-09-02 20:41:56.527  INFO 16528 --- [localhost-startStop-1] o.a.c.c.C.[Tomcat].[localhost].[/]       : Initializing Spring embedded WebApplicationContext
2019-09-02 20:41:56.528  INFO 16528 --- [localhost-startStop-1] o.s.web.context.ContextLoader            : Root WebApplicationContext: initialization completed in 2646 ms
2019-09-02 20:41:57.527  INFO 16528 --- [restartedMain] o.s.s.concurrent.ThreadPoolTaskExecutor  : Initializing ExecutorService 'applicationTaskExecutor'
2019-09-02 20:41:57.641  INFO 16528 --- [restartedMain] o.s.b.a.w.s.WelcomePageHandlerMapping    : Adding welcome page template: index
2019-09-02 20:41:58.417  INFO 16528 --- [restartedMain] o.s.b.d.a.OptionalLiveReloadServer       : LiveReload server is running on port 35729
2019-09-02 20:41:58.492  INFO 16528 --- [restartedMain] o.s.b.w.embedded.tomcat.TomcatWebServer  : Tomcat started on port(s): 8080 (http) with context path ''
2019-09-02 20:41:58.495  INFO 16528 --- [restartedMain] cn.jsy.community.CommunityApplication    : Started CommunityApplication in 5.354 seconds (JVM running for 8.453)
